\BOOKMARK [1][-]{section.1}{Introduction}{}% 1
\BOOKMARK [2][-]{subsection.1.1}{Purpose}{section.1}% 2
\BOOKMARK [2][-]{subsection.1.2}{Scope}{section.1}% 3
\BOOKMARK [2][-]{subsection.1.3}{Definitions, acronyms, and abbreviations}{section.1}% 4
\BOOKMARK [2][-]{subsection.1.4}{References}{section.1}% 5
\BOOKMARK [2][-]{subsection.1.5}{Overview}{section.1}% 6
\BOOKMARK [1][-]{section.2}{Overall Description}{}% 7
\BOOKMARK [2][-]{subsection.2.1}{Product Perspective}{section.2}% 8
\BOOKMARK [2][-]{subsection.2.2}{Product Functions}{section.2}% 9
\BOOKMARK [2][-]{subsection.2.3}{User Characteristics}{section.2}% 10
\BOOKMARK [2][-]{subsection.2.4}{Constraints}{section.2}% 11
\BOOKMARK [2][-]{subsection.2.5}{Assumptions and dependencies}{section.2}% 12
\BOOKMARK [2][-]{subsection.2.6}{Technical Challenges/Issues}{section.2}% 13
\BOOKMARK [1][-]{section.3}{Specific requirements}{}% 14
\BOOKMARK [2][-]{subsection.3.1}{Functional Requirements}{section.3}% 15
\BOOKMARK [2][-]{subsection.3.2}{Technical Requirements}{section.3}% 16
\BOOKMARK [2][-]{subsection.3.3}{Usability Requirements}{section.3}% 17
\BOOKMARK [1][-]{section.4}{Appendix}{}% 18
\BOOKMARK [2][-]{subsection.4.1}{Gantt Chart}{section.4}% 19
\BOOKMARK [1][-]{section.5}{Agreement}{}% 20
