\BOOKMARK [1][-]{section.2}{Introduction}{}% 1
\BOOKMARK [2][-]{subsection.3}{Purpose}{section.2}% 2
\BOOKMARK [2][-]{subsection.4}{Scope}{section.2}% 3
\BOOKMARK [2][-]{subsection.5}{Definitions, acronyms, and abbreviations}{section.2}% 4
\BOOKMARK [2][-]{subsection.6}{References}{section.2}% 5
\BOOKMARK [2][-]{subsection.7}{Overview}{section.2}% 6
\BOOKMARK [1][-]{section.8}{Overall Description}{}% 7
\BOOKMARK [2][-]{subsection.9}{Product Perspective}{section.8}% 8
\BOOKMARK [2][-]{subsection.10}{Product Functions}{section.8}% 9
\BOOKMARK [2][-]{subsection.11}{User Characteristics}{section.8}% 10
\BOOKMARK [2][-]{subsection.12}{Constraints}{section.8}% 11
\BOOKMARK [2][-]{subsection.13}{Assumptions and dependencies}{section.8}% 12
\BOOKMARK [2][-]{subsection.14}{Technical Challenges/Issues}{section.8}% 13
\BOOKMARK [1][-]{section.15}{Specific requirements}{}% 14
\BOOKMARK [2][-]{subsection.16}{Functional Requirements}{section.15}% 15
\BOOKMARK [2][-]{subsection.17}{Technical Requirements}{section.15}% 16
\BOOKMARK [2][-]{subsection.18}{Usability Requirements}{section.15}% 17
\BOOKMARK [1][-]{section.19}{Appendix}{}% 18
\BOOKMARK [2][-]{subsection.20}{Gantt Chart}{section.19}% 19
\BOOKMARK [1][-]{section.21}{Agreement}{}% 20
