This is pdfTeX, Version 3.14159265-2.6-1.40.17 (TeX Live 2016) (preloaded format=pdflatex 2016.5.22)  9 JUN 2017 03:04
entering extended mode
 restricted \write18 enabled.
 %&-line parsing enabled.
**FinalProgReport.tex
(./FinalProgReport.tex
LaTeX2e <2016/03/31>
Babel <3.9r> and hyphenation patterns for 83 language(s) loaded.
(./IEEEtran.cls
Document Class: IEEEtran 2015/08/26 V1.8b by Michael Shell
-- See the "IEEEtran_HOWTO" manual for usage information.
-- http://www.michaelshell.org/tex/ieeetran/
\@IEEEtrantmpdimenA=\dimen102
\@IEEEtrantmpdimenB=\dimen103
\@IEEEtrantmpdimenC=\dimen104
\@IEEEtrantmpcountA=\count79
\@IEEEtrantmpcountB=\count80
\@IEEEtrantmpcountC=\count81
\@IEEEtrantmptoksA=\toks14
LaTeX Font Info:    Try loading font information for OT1+ppl on input line 503.

(/usr/local/texlive/2016/texmf-dist/tex/latex/psnfss/ot1ppl.fd
File: ot1ppl.fd 2001/06/04 font definitions for OT1/ppl.
)
-- Using IEEE Computer Society mode.
-- Using 8.5in x 11in (letter) paper.
-- Using PDF output.
\@IEEEnormalsizeunitybaselineskip=\dimen105
-- This is a 10 point document.
\CLASSINFOnormalsizebaselineskip=\dimen106
\CLASSINFOnormalsizeunitybaselineskip=\dimen107
\IEEEnormaljot=\dimen108
LaTeX Font Info:    Font shape `OT1/ppl/bx/n' in size <5.01874> not available
(Font)              Font shape `OT1/ppl/b/n' tried instead on input line 1090.
LaTeX Font Info:    Font shape `OT1/ppl/bx/it' in size <5.01874> not available
(Font)              Font shape `OT1/ppl/b/it' tried instead on input line 1090.

LaTeX Font Info:    Font shape `OT1/ppl/bx/n' in size <7.02625> not available
(Font)              Font shape `OT1/ppl/b/n' tried instead on input line 1090.
LaTeX Font Info:    Font shape `OT1/ppl/bx/it' in size <7.02625> not available
(Font)              Font shape `OT1/ppl/b/it' tried instead on input line 1090.

LaTeX Font Info:    Font shape `OT1/ppl/bx/n' in size <8.03> not available
(Font)              Font shape `OT1/ppl/b/n' tried instead on input line 1090.
LaTeX Font Info:    Font shape `OT1/ppl/bx/it' in size <8.03> not available
(Font)              Font shape `OT1/ppl/b/it' tried instead on input line 1090.

LaTeX Font Info:    Font shape `OT1/ppl/bx/n' in size <9.03374> not available
(Font)              Font shape `OT1/ppl/b/n' tried instead on input line 1090.
LaTeX Font Info:    Font shape `OT1/ppl/bx/it' in size <9.03374> not available
(Font)              Font shape `OT1/ppl/b/it' tried instead on input line 1090.

LaTeX Font Info:    Font shape `OT1/ppl/bx/n' in size <9.53561> not available
(Font)              Font shape `OT1/ppl/b/n' tried instead on input line 1090.
LaTeX Font Info:    Font shape `OT1/ppl/bx/it' in size <9.53561> not available
(Font)              Font shape `OT1/ppl/b/it' tried instead on input line 1090.

LaTeX Font Info:    Font shape `OT1/ppl/bx/n' in size <11.04124> not available
(Font)              Font shape `OT1/ppl/b/n' tried instead on input line 1090.
LaTeX Font Info:    Font shape `OT1/ppl/bx/it' in size <11.04124> not available

(Font)              Font shape `OT1/ppl/b/it' tried instead on input line 1090.

LaTeX Font Info:    Font shape `OT1/ppl/bx/n' in size <12.045> not available
(Font)              Font shape `OT1/ppl/b/n' tried instead on input line 1090.
LaTeX Font Info:    Font shape `OT1/ppl/bx/it' in size <12.045> not available
(Font)              Font shape `OT1/ppl/b/it' tried instead on input line 1090.

LaTeX Font Info:    Font shape `OT1/ppl/bx/n' in size <17.06374> not available
(Font)              Font shape `OT1/ppl/b/n' tried instead on input line 1090.
LaTeX Font Info:    Font shape `OT1/ppl/bx/it' in size <17.06374> not available

(Font)              Font shape `OT1/ppl/b/it' tried instead on input line 1090.

LaTeX Font Info:    Font shape `OT1/ppl/bx/n' in size <20.075> not available
(Font)              Font shape `OT1/ppl/b/n' tried instead on input line 1090.
LaTeX Font Info:    Font shape `OT1/ppl/bx/it' in size <20.075> not available
(Font)              Font shape `OT1/ppl/b/it' tried instead on input line 1090.

LaTeX Font Info:    Font shape `OT1/ppl/bx/n' in size <24.09> not available
(Font)              Font shape `OT1/ppl/b/n' tried instead on input line 1090.
LaTeX Font Info:    Font shape `OT1/ppl/bx/it' in size <24.09> not available
(Font)              Font shape `OT1/ppl/b/it' tried instead on input line 1090.

\IEEEquantizedlength=\dimen109
\IEEEquantizedlengthdiff=\dimen110
\IEEEquantizedtextheightdiff=\dimen111
\IEEEilabelindentA=\dimen112
\IEEEilabelindentB=\dimen113
\IEEEilabelindent=\dimen114
\IEEEelabelindent=\dimen115
\IEEEdlabelindent=\dimen116
\IEEElabelindent=\dimen117
\IEEEiednormlabelsep=\dimen118
\IEEEiedmathlabelsep=\dimen119
\IEEEiedtopsep=\skip41
\c@section=\count82
\c@subsection=\count83
\c@subsubsection=\count84
\c@paragraph=\count85
\c@IEEEsubequation=\count86
\abovecaptionskip=\skip42
\belowcaptionskip=\skip43
\c@figure=\count87
\c@table=\count88
\@IEEEeqnnumcols=\count89
\@IEEEeqncolcnt=\count90
\@IEEEsubeqnnumrollback=\count91
\@IEEEquantizeheightA=\dimen120
\@IEEEquantizeheightB=\dimen121
\@IEEEquantizeheightC=\dimen122
\@IEEEquantizeprevdepth=\dimen123
\@IEEEquantizemultiple=\count92
\@IEEEquantizeboxA=\box26
\@IEEEtmpitemindent=\dimen124
\IEEEPARstartletwidth=\dimen125
\c@IEEEbiography=\count93
\@IEEEtranrubishbin=\box27
) (/usr/local/texlive/2016/texmf-dist/tex/latex/graphics/graphicx.sty
Package: graphicx 2014/10/28 v1.0g Enhanced LaTeX Graphics (DPC,SPQR)

(/usr/local/texlive/2016/texmf-dist/tex/latex/graphics/keyval.sty
Package: keyval 2014/10/28 v1.15 key=value parser (DPC)
\KV@toks@=\toks15
)
(/usr/local/texlive/2016/texmf-dist/tex/latex/graphics/graphics.sty
Package: graphics 2016/05/09 v1.0r Standard LaTeX Graphics (DPC,SPQR)

(/usr/local/texlive/2016/texmf-dist/tex/latex/graphics/trig.sty
Package: trig 2016/01/03 v1.10 sin cos tan (DPC)
)
(/usr/local/texlive/2016/texmf-dist/tex/latex/graphics-cfg/graphics.cfg
File: graphics.cfg 2016/01/02 v1.10 sample graphics configuration
)
Package graphics Info: Driver file: pdftex.def on input line 96.

(/usr/local/texlive/2016/texmf-dist/tex/latex/pdftex-def/pdftex.def
File: pdftex.def 2011/05/27 v0.06d Graphics/color for pdfTeX

(/usr/local/texlive/2016/texmf-dist/tex/generic/oberdiek/infwarerr.sty
Package: infwarerr 2016/05/16 v1.4 Providing info/warning/error messages (HO)
)
(/usr/local/texlive/2016/texmf-dist/tex/generic/oberdiek/ltxcmds.sty
Package: ltxcmds 2016/05/16 v1.23 LaTeX kernel commands for general use (HO)
)
\Gread@gobject=\count94
))
\Gin@req@height=\dimen126
\Gin@req@width=\dimen127
)
(/usr/local/texlive/2016/texmf-dist/tex/latex/pdfpages/pdfpages.sty
Package: pdfpages 2016/04/19 v0.5f Insert pages of external PDF documents (AM)

(/usr/local/texlive/2016/texmf-dist/tex/latex/base/ifthen.sty
Package: ifthen 2014/09/29 v1.1c Standard LaTeX ifthen package (DPC)
)
(/usr/local/texlive/2016/texmf-dist/tex/latex/tools/calc.sty
Package: calc 2014/10/28 v4.3 Infix arithmetic (KKT,FJ)
\calc@Acount=\count95
\calc@Bcount=\count96
\calc@Adimen=\dimen128
\calc@Bdimen=\dimen129
\calc@Askip=\skip44
\calc@Bskip=\skip45
LaTeX Info: Redefining \setlength on input line 80.
LaTeX Info: Redefining \addtolength on input line 81.
\calc@Ccount=\count97
\calc@Cskip=\skip46
)
(/usr/local/texlive/2016/texmf-dist/tex/latex/eso-pic/eso-pic.sty
Package: eso-pic 2015/07/21 v2.0g eso-pic (RN)

(/usr/local/texlive/2016/texmf-dist/tex/generic/oberdiek/atbegshi.sty
Package: atbegshi 2016/05/16 v1.17 At begin shipout hook (HO)

(/usr/local/texlive/2016/texmf-dist/tex/generic/oberdiek/ifpdf.sty
Package: ifpdf 2016/05/14 v3.1 Provides the ifpdf switch
))
(/usr/local/texlive/2016/texmf-dist/tex/latex/xcolor/xcolor.sty
Package: xcolor 2016/05/11 v2.12 LaTeX color extensions (UK)

(/usr/local/texlive/2016/texmf-dist/tex/latex/graphics-cfg/color.cfg
File: color.cfg 2016/01/02 v1.6 sample color configuration
)
Package xcolor Info: Driver file: pdftex.def on input line 225.
Package xcolor Info: Model `cmy' substituted by `cmy0' on input line 1348.
Package xcolor Info: Model `hsb' substituted by `rgb' on input line 1352.
Package xcolor Info: Model `RGB' extended on input line 1364.
Package xcolor Info: Model `HTML' substituted by `rgb' on input line 1366.
Package xcolor Info: Model `Hsb' substituted by `hsb' on input line 1367.
Package xcolor Info: Model `tHsb' substituted by `hsb' on input line 1368.
Package xcolor Info: Model `HSB' substituted by `hsb' on input line 1369.
Package xcolor Info: Model `Gray' substituted by `gray' on input line 1370.
Package xcolor Info: Model `wave' substituted by `hsb' on input line 1371.
))
\AM@pagewidth=\dimen130
\AM@pageheight=\dimen131

(/usr/local/texlive/2016/texmf-dist/tex/latex/pdfpages/pppdftex.def
File: pppdftex.def 2016/04/19 v0.5f Pdfpages driver for pdfTeX (AM)
)
\AM@pagebox=\box28
\AM@global@opts=\toks16
\AM@toc@title=\toks17
\c@AM@survey=\count98
\AM@templatesizebox=\box29
)
(/usr/local/texlive/2016/texmf-dist/tex/latex/url/url.sty
\Urlmuskip=\muskip10
Package: url 2013/09/16  ver 3.4  Verb mode for urls, etc.
)
(/usr/local/texlive/2016/texmf-dist/tex/latex/setspace/setspace.sty
Package: setspace 2011/12/19 v6.7a set line spacing
)
(/usr/local/texlive/2016/texmf-dist/tex/latex/listings/listings.sty
\lst@mode=\count99
\lst@gtempboxa=\box30
\lst@token=\toks18
\lst@length=\count100
\lst@currlwidth=\dimen132
\lst@column=\count101
\lst@pos=\count102
\lst@lostspace=\dimen133
\lst@width=\dimen134
\lst@newlines=\count103
\lst@lineno=\count104
\lst@maxwidth=\dimen135

(/usr/local/texlive/2016/texmf-dist/tex/latex/listings/lstmisc.sty
File: lstmisc.sty 2015/06/04 1.6 (Carsten Heinz)
\c@lstnumber=\count105
\lst@skipnumbers=\count106
\lst@framebox=\box31
)
(/usr/local/texlive/2016/texmf-dist/tex/latex/listings/listings.cfg
File: listings.cfg 2015/06/04 1.6 listings configuration
))
Package: listings 2015/06/04 1.6 (Carsten Heinz)

(/usr/local/texlive/2016/texmf-dist/tex/latex/geometry/geometry.sty
Package: geometry 2010/09/12 v5.6 Page Geometry

(/usr/local/texlive/2016/texmf-dist/tex/generic/oberdiek/ifvtex.sty
Package: ifvtex 2016/05/16 v1.6 Detect VTeX and its facilities (HO)
Package ifvtex Info: VTeX not detected.
)
(/usr/local/texlive/2016/texmf-dist/tex/generic/ifxetex/ifxetex.sty
Package: ifxetex 2010/09/12 v0.6 Provides ifxetex conditional
)
\Gm@cnth=\count107
\Gm@cntv=\count108
\c@Gm@tempcnt=\count109
\Gm@bindingoffset=\dimen136
\Gm@wd@mp=\dimen137
\Gm@odd@mp=\dimen138
\Gm@even@mp=\dimen139
\Gm@layoutwidth=\dimen140
\Gm@layoutheight=\dimen141
\Gm@layouthoffset=\dimen142
\Gm@layoutvoffset=\dimen143
\Gm@dimlist=\toks19
)
(/usr/local/texlive/2016/texmf-dist/tex/latex/float/float.sty
Package: float 2001/11/08 v1.3d Float enhancements (AL)
\c@float@type=\count110
\float@exts=\toks20
\float@box=\box32
\@float@everytoks=\toks21
\@floatcapt=\box33
) (./pgfgantt.sty
Package: pgfgantt 2012/01/25 v3.0 Draw Gantt diagrams with TikZ

(/usr/local/texlive/2016/texmf-dist/tex/latex/pgf/frontendlayer/tikz.sty
(/usr/local/texlive/2016/texmf-dist/tex/latex/pgf/basiclayer/pgf.sty
(/usr/local/texlive/2016/texmf-dist/tex/latex/pgf/utilities/pgfrcs.sty
(/usr/local/texlive/2016/texmf-dist/tex/generic/pgf/utilities/pgfutil-common.te
x
\pgfutil@everybye=\toks22
\pgfutil@tempdima=\dimen144
\pgfutil@tempdimb=\dimen145

(/usr/local/texlive/2016/texmf-dist/tex/generic/pgf/utilities/pgfutil-common-li
sts.tex))
(/usr/local/texlive/2016/texmf-dist/tex/generic/pgf/utilities/pgfutil-latex.def
\pgfutil@abb=\box34
(/usr/local/texlive/2016/texmf-dist/tex/latex/ms/everyshi.sty
Package: everyshi 2001/05/15 v3.00 EveryShipout Package (MS)
))
(/usr/local/texlive/2016/texmf-dist/tex/generic/pgf/utilities/pgfrcs.code.tex
Package: pgfrcs 2015/08/07 v3.0.1a (rcs-revision 1.31)
))
Package: pgf 2015/08/07 v3.0.1a (rcs-revision 1.15)
(/usr/local/texlive/2016/texmf-dist/tex/latex/pgf/basiclayer/pgfcore.sty
(/usr/local/texlive/2016/texmf-dist/tex/latex/pgf/systemlayer/pgfsys.sty
(/usr/local/texlive/2016/texmf-dist/tex/generic/pgf/systemlayer/pgfsys.code.tex
Package: pgfsys 2014/07/09 v3.0.1a (rcs-revision 1.48)
(/usr/local/texlive/2016/texmf-dist/tex/generic/pgf/utilities/pgfkeys.code.tex
\pgfkeys@pathtoks=\toks23
\pgfkeys@temptoks=\toks24

(/usr/local/texlive/2016/texmf-dist/tex/generic/pgf/utilities/pgfkeysfiltered.c
ode.tex
\pgfkeys@tmptoks=\toks25
))
\pgf@x=\dimen146
\pgf@y=\dimen147
\pgf@xa=\dimen148
\pgf@ya=\dimen149
\pgf@xb=\dimen150
\pgf@yb=\dimen151
\pgf@xc=\dimen152
\pgf@yc=\dimen153
\w@pgf@writea=\write3
\r@pgf@reada=\read1
\c@pgf@counta=\count111
\c@pgf@countb=\count112
\c@pgf@countc=\count113
\c@pgf@countd=\count114
\t@pgf@toka=\toks26
\t@pgf@tokb=\toks27
\t@pgf@tokc=\toks28

(/usr/local/texlive/2016/texmf-dist/tex/generic/pgf/systemlayer/pgf.cfg
File: pgf.cfg 2008/05/14  (rcs-revision 1.7)
)
Driver file for pgf: pgfsys-pdftex.def

(/usr/local/texlive/2016/texmf-dist/tex/generic/pgf/systemlayer/pgfsys-pdftex.d
ef
File: pgfsys-pdftex.def 2014/10/11  (rcs-revision 1.35)

(/usr/local/texlive/2016/texmf-dist/tex/generic/pgf/systemlayer/pgfsys-common-p
df.def
File: pgfsys-common-pdf.def 2013/10/10  (rcs-revision 1.13)
)))
(/usr/local/texlive/2016/texmf-dist/tex/generic/pgf/systemlayer/pgfsyssoftpath.
code.tex
File: pgfsyssoftpath.code.tex 2013/09/09  (rcs-revision 1.9)
\pgfsyssoftpath@smallbuffer@items=\count115
\pgfsyssoftpath@bigbuffer@items=\count116
)
(/usr/local/texlive/2016/texmf-dist/tex/generic/pgf/systemlayer/pgfsysprotocol.
code.tex
File: pgfsysprotocol.code.tex 2006/10/16  (rcs-revision 1.4)
))
(/usr/local/texlive/2016/texmf-dist/tex/generic/pgf/basiclayer/pgfcore.code.tex
Package: pgfcore 2010/04/11 v3.0.1a (rcs-revision 1.7)
(/usr/local/texlive/2016/texmf-dist/tex/generic/pgf/math/pgfmath.code.tex
(/usr/local/texlive/2016/texmf-dist/tex/generic/pgf/math/pgfmathcalc.code.tex
(/usr/local/texlive/2016/texmf-dist/tex/generic/pgf/math/pgfmathutil.code.tex)
(/usr/local/texlive/2016/texmf-dist/tex/generic/pgf/math/pgfmathparser.code.tex
\pgfmath@dimen=\dimen154
\pgfmath@count=\count117
\pgfmath@box=\box35
\pgfmath@toks=\toks29
\pgfmath@stack@operand=\toks30
\pgfmath@stack@operation=\toks31
)
(/usr/local/texlive/2016/texmf-dist/tex/generic/pgf/math/pgfmathfunctions.code.
tex
(/usr/local/texlive/2016/texmf-dist/tex/generic/pgf/math/pgfmathfunctions.basic
.code.tex)
(/usr/local/texlive/2016/texmf-dist/tex/generic/pgf/math/pgfmathfunctions.trigo
nometric.code.tex)
(/usr/local/texlive/2016/texmf-dist/tex/generic/pgf/math/pgfmathfunctions.rando
m.code.tex)
(/usr/local/texlive/2016/texmf-dist/tex/generic/pgf/math/pgfmathfunctions.compa
rison.code.tex)
(/usr/local/texlive/2016/texmf-dist/tex/generic/pgf/math/pgfmathfunctions.base.
code.tex)
(/usr/local/texlive/2016/texmf-dist/tex/generic/pgf/math/pgfmathfunctions.round
.code.tex)
(/usr/local/texlive/2016/texmf-dist/tex/generic/pgf/math/pgfmathfunctions.misc.
code.tex)
(/usr/local/texlive/2016/texmf-dist/tex/generic/pgf/math/pgfmathfunctions.integ
erarithmetics.code.tex)))
(/usr/local/texlive/2016/texmf-dist/tex/generic/pgf/math/pgfmathfloat.code.tex
\c@pgfmathroundto@lastzeros=\count118
))
(/usr/local/texlive/2016/texmf-dist/tex/generic/pgf/basiclayer/pgfcorepoints.co
de.tex
File: pgfcorepoints.code.tex 2013/10/07  (rcs-revision 1.27)
\pgf@picminx=\dimen155
\pgf@picmaxx=\dimen156
\pgf@picminy=\dimen157
\pgf@picmaxy=\dimen158
\pgf@pathminx=\dimen159
\pgf@pathmaxx=\dimen160
\pgf@pathminy=\dimen161
\pgf@pathmaxy=\dimen162
\pgf@xx=\dimen163
\pgf@xy=\dimen164
\pgf@yx=\dimen165
\pgf@yy=\dimen166
\pgf@zx=\dimen167
\pgf@zy=\dimen168
)
(/usr/local/texlive/2016/texmf-dist/tex/generic/pgf/basiclayer/pgfcorepathconst
ruct.code.tex
File: pgfcorepathconstruct.code.tex 2013/10/07  (rcs-revision 1.29)
\pgf@path@lastx=\dimen169
\pgf@path@lasty=\dimen170
)
(/usr/local/texlive/2016/texmf-dist/tex/generic/pgf/basiclayer/pgfcorepathusage
.code.tex
File: pgfcorepathusage.code.tex 2014/11/02  (rcs-revision 1.24)
\pgf@shorten@end@additional=\dimen171
\pgf@shorten@start@additional=\dimen172
)
(/usr/local/texlive/2016/texmf-dist/tex/generic/pgf/basiclayer/pgfcorescopes.co
de.tex
File: pgfcorescopes.code.tex 2015/05/08  (rcs-revision 1.46)
\pgfpic=\box36
\pgf@hbox=\box37
\pgf@layerbox@main=\box38
\pgf@picture@serial@count=\count119
)
(/usr/local/texlive/2016/texmf-dist/tex/generic/pgf/basiclayer/pgfcoregraphicst
ate.code.tex
File: pgfcoregraphicstate.code.tex 2014/11/02  (rcs-revision 1.12)
\pgflinewidth=\dimen173
)
(/usr/local/texlive/2016/texmf-dist/tex/generic/pgf/basiclayer/pgfcoretransform
ations.code.tex
File: pgfcoretransformations.code.tex 2015/08/07  (rcs-revision 1.20)
\pgf@pt@x=\dimen174
\pgf@pt@y=\dimen175
\pgf@pt@temp=\dimen176
)
(/usr/local/texlive/2016/texmf-dist/tex/generic/pgf/basiclayer/pgfcorequick.cod
e.tex
File: pgfcorequick.code.tex 2008/10/09  (rcs-revision 1.3)
)
(/usr/local/texlive/2016/texmf-dist/tex/generic/pgf/basiclayer/pgfcoreobjects.c
ode.tex
File: pgfcoreobjects.code.tex 2006/10/11  (rcs-revision 1.2)
)
(/usr/local/texlive/2016/texmf-dist/tex/generic/pgf/basiclayer/pgfcorepathproce
ssing.code.tex
File: pgfcorepathprocessing.code.tex 2013/09/09  (rcs-revision 1.9)
)
(/usr/local/texlive/2016/texmf-dist/tex/generic/pgf/basiclayer/pgfcorearrows.co
de.tex
File: pgfcorearrows.code.tex 2015/05/14  (rcs-revision 1.43)
\pgfarrowsep=\dimen177
)
(/usr/local/texlive/2016/texmf-dist/tex/generic/pgf/basiclayer/pgfcoreshade.cod
e.tex
File: pgfcoreshade.code.tex 2013/07/15  (rcs-revision 1.15)
\pgf@max=\dimen178
\pgf@sys@shading@range@num=\count120
)
(/usr/local/texlive/2016/texmf-dist/tex/generic/pgf/basiclayer/pgfcoreimage.cod
e.tex
File: pgfcoreimage.code.tex 2013/07/15  (rcs-revision 1.18)

(/usr/local/texlive/2016/texmf-dist/tex/generic/pgf/basiclayer/pgfcoreexternal.
code.tex
File: pgfcoreexternal.code.tex 2014/07/09  (rcs-revision 1.21)
\pgfexternal@startupbox=\box39
))
(/usr/local/texlive/2016/texmf-dist/tex/generic/pgf/basiclayer/pgfcorelayers.co
de.tex
File: pgfcorelayers.code.tex 2013/07/18  (rcs-revision 1.7)
)
(/usr/local/texlive/2016/texmf-dist/tex/generic/pgf/basiclayer/pgfcoretranspare
ncy.code.tex
File: pgfcoretransparency.code.tex 2013/09/30  (rcs-revision 1.5)
)
(/usr/local/texlive/2016/texmf-dist/tex/generic/pgf/basiclayer/pgfcorepatterns.
code.tex
File: pgfcorepatterns.code.tex 2013/11/07  (rcs-revision 1.5)
)))
(/usr/local/texlive/2016/texmf-dist/tex/generic/pgf/modules/pgfmoduleshapes.cod
e.tex
File: pgfmoduleshapes.code.tex 2014/03/21  (rcs-revision 1.35)
\pgfnodeparttextbox=\box40
)
(/usr/local/texlive/2016/texmf-dist/tex/generic/pgf/modules/pgfmoduleplot.code.
tex
File: pgfmoduleplot.code.tex 2015/08/03  (rcs-revision 1.13)
)
(/usr/local/texlive/2016/texmf-dist/tex/latex/pgf/compatibility/pgfcomp-version
-0-65.sty
Package: pgfcomp-version-0-65 2007/07/03 v3.0.1a (rcs-revision 1.7)
\pgf@nodesepstart=\dimen179
\pgf@nodesepend=\dimen180
)
(/usr/local/texlive/2016/texmf-dist/tex/latex/pgf/compatibility/pgfcomp-version
-1-18.sty
Package: pgfcomp-version-1-18 2007/07/23 v3.0.1a (rcs-revision 1.1)
))
(/usr/local/texlive/2016/texmf-dist/tex/latex/pgf/utilities/pgffor.sty
(/usr/local/texlive/2016/texmf-dist/tex/latex/pgf/utilities/pgfkeys.sty
(/usr/local/texlive/2016/texmf-dist/tex/generic/pgf/utilities/pgfkeys.code.tex)
) (/usr/local/texlive/2016/texmf-dist/tex/latex/pgf/math/pgfmath.sty
(/usr/local/texlive/2016/texmf-dist/tex/generic/pgf/math/pgfmath.code.tex))
(/usr/local/texlive/2016/texmf-dist/tex/generic/pgf/utilities/pgffor.code.tex
Package: pgffor 2013/12/13 v3.0.1a (rcs-revision 1.25)

(/usr/local/texlive/2016/texmf-dist/tex/generic/pgf/math/pgfmath.code.tex)
\pgffor@iter=\dimen181
\pgffor@skip=\dimen182
\pgffor@stack=\toks32
\pgffor@toks=\toks33
))
(/usr/local/texlive/2016/texmf-dist/tex/generic/pgf/frontendlayer/tikz/tikz.cod
e.tex
Package: tikz 2015/08/07 v3.0.1a (rcs-revision 1.151)

(/usr/local/texlive/2016/texmf-dist/tex/generic/pgf/libraries/pgflibraryplothan
dlers.code.tex
File: pgflibraryplothandlers.code.tex 2013/08/31 v3.0.1a (rcs-revision 1.20)
\pgf@plot@mark@count=\count121
\pgfplotmarksize=\dimen183
)
\tikz@lastx=\dimen184
\tikz@lasty=\dimen185
\tikz@lastxsaved=\dimen186
\tikz@lastysaved=\dimen187
\tikzleveldistance=\dimen188
\tikzsiblingdistance=\dimen189
\tikz@figbox=\box41
\tikz@figbox@bg=\box42
\tikz@tempbox=\box43
\tikz@tempbox@bg=\box44
\tikztreelevel=\count122
\tikznumberofchildren=\count123
\tikznumberofcurrentchild=\count124
\tikz@fig@count=\count125

(/usr/local/texlive/2016/texmf-dist/tex/generic/pgf/modules/pgfmodulematrix.cod
e.tex
File: pgfmodulematrix.code.tex 2013/09/17  (rcs-revision 1.8)
\pgfmatrixcurrentrow=\count126
\pgfmatrixcurrentcolumn=\count127
\pgf@matrix@numberofcolumns=\count128
)
\tikz@expandcount=\count129

(/usr/local/texlive/2016/texmf-dist/tex/generic/pgf/frontendlayer/tikz/librarie
s/tikzlibrarytopaths.code.tex
File: tikzlibrarytopaths.code.tex 2008/06/17 v3.0.1a (rcs-revision 1.2)
)))
(/usr/local/texlive/2016/texmf-dist/tex/generic/pgf/frontendlayer/tikz/librarie
s/tikzlibraryarrows.code.tex
File: tikzlibraryarrows.code.tex 2008/01/09 v3.0.1a (rcs-revision 1.1)

(/usr/local/texlive/2016/texmf-dist/tex/generic/pgf/libraries/pgflibraryarrows.
code.tex
File: pgflibraryarrows.code.tex 2013/09/23 v3.0.1a (rcs-revision 1.16)
\arrowsize=\dimen190
))
(/usr/local/texlive/2016/texmf-dist/tex/generic/pgf/frontendlayer/tikz/librarie
s/tikzlibrarybackgrounds.code.tex
File: tikzlibrarybackgrounds.code.tex 2013/07/18 v3.0.1a (rcs-revision 1.3)
\pgf@layerbox@background=\box45
\pgf@layerboxsaved@background=\box46
)
(/usr/local/texlive/2016/texmf-dist/tex/generic/pgf/frontendlayer/tikz/librarie
s/tikzlibrarycalc.code.tex
File: tikzlibrarycalc.code.tex 2013/07/15 v3.0.1a (rcs-revision 1.9)
)
(/usr/local/texlive/2016/texmf-dist/tex/generic/pgf/frontendlayer/tikz/librarie
s/tikzlibrarypatterns.code.tex
File: tikzlibrarypatterns.code.tex 2008/01/15 v3.0.1a (rcs-revision 1.2)

(/usr/local/texlive/2016/texmf-dist/tex/generic/pgf/libraries/pgflibrarypattern
s.code.tex
File: pgflibrarypatterns.code.tex 2008/03/03 v3.0.1a (rcs-revision 1.13)
))
(/usr/local/texlive/2016/texmf-dist/tex/generic/pgf/frontendlayer/tikz/librarie
s/tikzlibrarypositioning.code.tex
File: tikzlibrarypositioning.code.tex 2008/10/06 v3.0.1a (rcs-revision 1.7)
)
\c@gtt@width=\count130
\c@gtt@currentline=\count131
\c@gtt@lasttitleline=\count132
\c@gtt@lasttitleslot=\count133
\c@gtt@elementid=\count134
\c@gtt@currgrid=\count135
)
(/usr/local/texlive/2016/texmf-dist/tex/latex/caption/caption.sty
Package: caption 2016/02/21 v3.3-144 Customizing captions (AR)

(/usr/local/texlive/2016/texmf-dist/tex/latex/caption/caption3.sty
Package: caption3 2016/02/04 v1.7-139 caption3 kernel (AR)
Package caption3 Info: TeX engine: e-TeX on input line 67.
\captionmargin=\dimen191
\captionmargin@=\dimen192
\captionwidth=\dimen193
\caption@tempdima=\dimen194
\caption@indent=\dimen195
\caption@parindent=\dimen196
\caption@hangindent=\dimen197
Package caption Info: Unknown document class (or package),
(caption)             standard defaults will be used.
)

Package caption Warning: Unsupported document class (or package) detected,
(caption)                usage of the caption package is not recommended.
See the caption package documentation for explanation.

Package caption Info: \@makecaption = \long macro:#1#2->\ifx \@captype \@IEEEta
blestring \footnotesize \bgroup \par \centering \@IEEEtabletopskipstrut {\norma
lfont \sffamily \footnotesize #1}\\{\normalfont \sffamily \footnotesize #2}\par
 \addvspace {0.5\baselineskip }\egroup \@IEEEtablecaptionsepspace \else \@IEEEf
igurecaptionsepspace \setbox \@tempboxa \hbox {\normalfont \sffamily \footnotes
ize {#1.}\nobreakspace #2}\ifdim \wd \@tempboxa >\hsize \setbox \@tempboxa \hbo
x {\normalfont \sffamily \footnotesize {#1.}\nobreakspace }\parbox [t]{\hsize }
{\normalfont \sffamily \footnotesize \noindent \unhbox \@tempboxa #2}\else \hbo
x to\hsize {\normalfont \sffamily \footnotesize \box \@tempboxa \hfil }\fi \fi 
.
\c@ContinuedFloat=\count136
Package caption Info: float package is loaded.
Package caption Info: listings package is loaded.
)
(/usr/local/texlive/2016/texmf-dist/tex/generic/pgf/frontendlayer/tikz/librarie
s/tikzlibraryshapes.geometric.code.tex
File: tikzlibraryshapes.geometric.code.tex 2008/01/09 v3.0.1a (rcs-revision 1.1
)

(/usr/local/texlive/2016/texmf-dist/tex/generic/pgf/libraries/shapes/pgflibrary
shapes.geometric.code.tex
File: pgflibraryshapes.geometric.code.tex 2008/06/26 v3.0.1a (rcs-revision 1.1)

))
(/usr/local/texlive/2016/texmf-dist/tex/latex/listings/lstlang1.sty
File: lstlang1.sty 2015/06/04 1.6 listings language file
)
(/usr/local/texlive/2016/texmf-dist/tex/latex/listings/lstmisc.sty
File: lstmisc.sty 2015/06/04 1.6 (Carsten Heinz)
)
(./FinalProgReport.aux)
\openout1 = `FinalProgReport.aux'.

LaTeX Font Info:    Checking defaults for OML/cmm/m/it on input line 72.
LaTeX Font Info:    ... okay on input line 72.
LaTeX Font Info:    Checking defaults for T1/cmr/m/n on input line 72.
LaTeX Font Info:    ... okay on input line 72.
LaTeX Font Info:    Checking defaults for OT1/cmr/m/n on input line 72.
LaTeX Font Info:    ... okay on input line 72.
LaTeX Font Info:    Checking defaults for OMS/cmsy/m/n on input line 72.
LaTeX Font Info:    ... okay on input line 72.
LaTeX Font Info:    Checking defaults for OMX/cmex/m/n on input line 72.
LaTeX Font Info:    ... okay on input line 72.
LaTeX Font Info:    Checking defaults for U/cmr/m/n on input line 72.
LaTeX Font Info:    ... okay on input line 72.

-- Lines per column: 39 (approximate, difference = 14.73578pt).
(/usr/local/texlive/2016/texmf-dist/tex/context/base/mkii/supp-pdf.mkii
[Loading MPS to PDF converter (version 2006.09.02).]
\scratchcounter=\count137
\scratchdimen=\dimen198
\scratchbox=\box47
\nofMPsegments=\count138
\nofMParguments=\count139
\everyMPshowfont=\toks34
\MPscratchCnt=\count140
\MPscratchDim=\dimen199
\MPnumerator=\count141
\makeMPintoPDFobject=\count142
\everyMPtoPDFconversion=\toks35
) (/usr/local/texlive/2016/texmf-dist/tex/generic/oberdiek/pdftexcmds.sty
Package: pdftexcmds 2016/05/10 v0.21 Utility functions of pdfTeX for LuaTeX (HO
)

(/usr/local/texlive/2016/texmf-dist/tex/generic/oberdiek/ifluatex.sty
Package: ifluatex 2016/05/16 v1.4 Provides the ifluatex switch (HO)
Package ifluatex Info: LuaTeX not detected.
)
Package pdftexcmds Info: LuaTeX not detected.
Package pdftexcmds Info: \pdf@primitive is available.
Package pdftexcmds Info: \pdf@ifprimitive is available.
Package pdftexcmds Info: \pdfdraftmode found.
)
(/usr/local/texlive/2016/texmf-dist/tex/latex/oberdiek/epstopdf-base.sty
Package: epstopdf-base 2016/05/15 v2.6 Base part for package epstopdf

(/usr/local/texlive/2016/texmf-dist/tex/latex/oberdiek/grfext.sty
Package: grfext 2016/05/16 v1.2 Manage graphics extensions (HO)

(/usr/local/texlive/2016/texmf-dist/tex/generic/oberdiek/kvdefinekeys.sty
Package: kvdefinekeys 2016/05/16 v1.4 Define keys (HO)
))
(/usr/local/texlive/2016/texmf-dist/tex/latex/oberdiek/kvoptions.sty
Package: kvoptions 2016/05/16 v3.12 Key value format for package options (HO)

(/usr/local/texlive/2016/texmf-dist/tex/generic/oberdiek/kvsetkeys.sty
Package: kvsetkeys 2016/05/16 v1.17 Key value parser (HO)

(/usr/local/texlive/2016/texmf-dist/tex/generic/oberdiek/etexcmds.sty
Package: etexcmds 2016/05/16 v1.6 Avoid name clashes with e-TeX commands (HO)
Package etexcmds Info: Could not find \expanded.
(etexcmds)             That can mean that you are not using pdfTeX 1.50 or
(etexcmds)             that some package has redefined \expanded.
(etexcmds)             In the latter case, load this package earlier.
)))
Package grfext Info: Graphics extension search list:
(grfext)             [.png,.pdf,.jpg,.mps,.jpeg,.jbig2,.jb2,.PNG,.PDF,.JPG,.JPE
G,.JBIG2,.JB2,.eps]
(grfext)             \AppendGraphicsExtensions on input line 456.

(/usr/local/texlive/2016/texmf-dist/tex/latex/latexconfig/epstopdf-sys.cfg
File: epstopdf-sys.cfg 2010/07/13 v1.3 Configuration of (r)epstopdf for TeX Liv
e
))
\AtBeginShipoutBox=\box48

(/usr/local/texlive/2016/texmf-dist/tex/latex/oberdiek/pdflscape.sty
Package: pdflscape 2016/05/14 v0.11 Display of landscape pages in PDF (HO)

(/usr/local/texlive/2016/texmf-dist/tex/latex/graphics/lscape.sty
Package: lscape 2000/10/22 v3.01 Landscape Pages (DPC)
)
Package pdflscape Info: Auto-detected driver: pdftex on input line 81.
)
\c@lstlisting=\count143

*geometry* driver: auto-detecting
*geometry* detected driver: pdftex
*geometry* verbose mode - [ preamble ] result:
* driver: pdftex
* paper: <default>
* layout: <same size as paper>
* layoutoffset:(h,v)=(0.0pt,0.0pt)
* modes: 
* h-part:(L,W,R)=(54.2025pt, 505.89pt, 54.2025pt)
* v-part:(T,H,B)=(43.362pt, 686.56499pt, 65.043pt)
* \paperwidth=614.295pt
* \paperheight=794.96999pt
* \textwidth=505.89pt
* \textheight=686.56499pt
* \oddsidemargin=-18.06749pt
* \evensidemargin=-18.06749pt
* \topmargin=-47.60587pt
* \headheight=12.0pt
* \headsep=6.69788pt
* \topskip=11.58327pt
* \footskip=19.1765pt
* \marginparwidth=20.0pt
* \marginparsep=10.0pt
* \columnsep=12.045pt
* \skip\footins=15.63728pt plus 6.94984pt minus 3.47491pt
* \hoffset=0.0pt
* \voffset=0.0pt
* \mag=1000
* \@twocolumnfalse
* \@twosidefalse
* \@mparswitchfalse
* \@reversemarginfalse
* (1in=72.27pt=25.4mm, 1cm=28.453pt)

ABD: EveryShipout initializing macros
Package caption Info: Begin \AtBeginDocument code.
Package caption Info: End \AtBeginDocument code.
LaTeX Font Info:    Font shape `OT1/ppl/bx/n' in size <14.05249> not available
(Font)              Font shape `OT1/ppl/b/n' tried instead on input line 78.
LaTeX Font Info:    Try loading font information for OT1+phv on input line 113.


(/usr/local/texlive/2016/texmf-dist/tex/latex/psnfss/ot1phv.fd
File: ot1phv.fd 2001/06/04 scalable font definitions for OT1/phv.
)
LaTeX Font Info:    Font shape `OT1/phv/bx/n' in size <8.03> not available
(Font)              Font shape `OT1/phv/b/n' tried instead on input line 113.
Missing character: There is no Ô in font phvr7t!
Missing character: There is no ¨ in font phvr7t!
Missing character: There is no Å in font phvr7t!
Missing character: There is no Ô in font phvr7t!
Missing character: There is no ¨ in font phvr7t!
Missing character: There is no Ç in font phvr7t!
 [1{/usr/local/texlive/2016/texmf-var/fonts/map/pdftex/updmap/pdftex.map}]
LaTeX Font Info:    Font shape `OT1/phv/bx/n' in size <11.04124> not available
(Font)              Font shape `OT1/phv/b/n' tried instead on input line 124.
LaTeX Font Info:    Font shape `OT1/phv/bx/sc' in size <11.04124> not available

(Font)              Font shape `OT1/phv/b/sc' tried instead on input line 124.

(./FinalProgReport.toc
LaTeX Font Info:    Calculating math sizes for size <9.53561> on input line 3.
LaTeX Font Info:    External font `cmex10' loaded for size
(Font)              <9.53561> on input line 3.
LaTeX Font Info:    External font `cmex10' loaded for size
(Font)              <6.6749> on input line 3.
LaTeX Font Info:    External font `cmex10' loaded for size
(Font)              <4.7678> on input line 3.
)
\tf@toc=\write4
\openout4 = `FinalProgReport.toc'.

 [2]
<images/RequirementDoc.pdf, id=16, 614.295pt x 794.97pt>
File: images/RequirementDoc.pdf Graphic file (type pdf)

<use images/RequirementDoc.pdf>
Package pdftex.def Info: images/RequirementDoc.pdf used on input line 135.
(pdftex.def)             Requested size: 614.29349pt x 794.96806pt.
File: images/RequirementDoc.pdf Graphic file (type pdf)
 <use images/RequirementDoc.pdf>
Package pdftex.def Info: images/RequirementDoc.pdf used on input line 135.
(pdftex.def)             Requested size: 614.29349pt x 794.96806pt.

<images/RequirementDoc.pdf, id=19, page=1, 614.295pt x 794.97pt>
File: images/RequirementDoc.pdf Graphic file (type pdf)

<use images/RequirementDoc.pdf, page 1>
Package pdftex.def Info: images/RequirementDoc.pdf, page1 used on input line 13
5.
(pdftex.def)             Requested size: 614.29349pt x 794.96806pt.
File: images/RequirementDoc.pdf Graphic file (type pdf)

<use images/RequirementDoc.pdf, page 1>
Package pdftex.def Info: images/RequirementDoc.pdf, page1 used on input line 13
5.
(pdftex.def)             Requested size: 614.58406pt x 795.3441pt.
 [3

]
File: images/RequirementDoc.pdf Graphic file (type pdf)

<use images/RequirementDoc.pdf, page 1>
Package pdftex.def Info: images/RequirementDoc.pdf, page1 used on input line 13
5.
(pdftex.def)             Requested size: 614.58406pt x 795.3441pt.
File: images/RequirementDoc.pdf Graphic file (type pdf)

<use images/RequirementDoc.pdf, page 1>
Package pdftex.def Info: images/RequirementDoc.pdf, page1 used on input line 13
5.
(pdftex.def)             Requested size: 614.58406pt x 795.3441pt.
File: images/RequirementDoc.pdf Graphic file (type pdf)

<use images/RequirementDoc.pdf, page 1>
Package pdftex.def Info: images/RequirementDoc.pdf, page1 used on input line 13
5.
(pdftex.def)             Requested size: 614.58406pt x 795.3441pt.
 [4 <./images/RequirementDoc.pdf>]
<images/RequirementDoc.pdf, id=32, page=2, 614.295pt x 794.97pt>
File: images/RequirementDoc.pdf Graphic file (type pdf)

<use images/RequirementDoc.pdf, page 2>
Package pdftex.def Info: images/RequirementDoc.pdf, page2 used on input line 13
5.
(pdftex.def)             Requested size: 614.58406pt x 795.3441pt.
File: images/RequirementDoc.pdf Graphic file (type pdf)

<use images/RequirementDoc.pdf, page 2>
Package pdftex.def Info: images/RequirementDoc.pdf, page2 used on input line 13
5.
(pdftex.def)             Requested size: 614.58406pt x 795.3441pt.
File: images/RequirementDoc.pdf Graphic file (type pdf)

<use images/RequirementDoc.pdf, page 2>
Package pdftex.def Info: images/RequirementDoc.pdf, page2 used on input line 13
5.
(pdftex.def)             Requested size: 614.58406pt x 795.3441pt.
 [5 <./images/RequirementDoc.pdf>]
<images/RequirementDoc.pdf, id=44, page=3, 614.295pt x 794.97pt>
File: images/RequirementDoc.pdf Graphic file (type pdf)

<use images/RequirementDoc.pdf, page 3>
Package pdftex.def Info: images/RequirementDoc.pdf, page3 used on input line 13
5.
(pdftex.def)             Requested size: 614.58406pt x 795.3441pt.
File: images/RequirementDoc.pdf Graphic file (type pdf)

<use images/RequirementDoc.pdf, page 3>
Package pdftex.def Info: images/RequirementDoc.pdf, page3 used on input line 13
5.
(pdftex.def)             Requested size: 614.58406pt x 795.3441pt.
File: images/RequirementDoc.pdf Graphic file (type pdf)

<use images/RequirementDoc.pdf, page 3>
Package pdftex.def Info: images/RequirementDoc.pdf, page3 used on input line 13
5.
(pdftex.def)             Requested size: 614.58406pt x 795.3441pt.
 [6 <./images/RequirementDoc.pdf>]
<images/RequirementDoc.pdf, id=56, page=4, 614.295pt x 794.97pt>
File: images/RequirementDoc.pdf Graphic file (type pdf)

<use images/RequirementDoc.pdf, page 4>
Package pdftex.def Info: images/RequirementDoc.pdf, page4 used on input line 13
5.
(pdftex.def)             Requested size: 614.58406pt x 795.3441pt.
File: images/RequirementDoc.pdf Graphic file (type pdf)

<use images/RequirementDoc.pdf, page 4>
Package pdftex.def Info: images/RequirementDoc.pdf, page4 used on input line 13
5.
(pdftex.def)             Requested size: 614.58406pt x 795.3441pt.
File: images/RequirementDoc.pdf Graphic file (type pdf)

<use images/RequirementDoc.pdf, page 4>
Package pdftex.def Info: images/RequirementDoc.pdf, page4 used on input line 13
5.
(pdftex.def)             Requested size: 614.58406pt x 795.3441pt.
 [7 <./images/RequirementDoc.pdf>]
<images/RequirementDoc.pdf, id=61, page=5, 614.295pt x 794.97pt>
File: images/RequirementDoc.pdf Graphic file (type pdf)

<use images/RequirementDoc.pdf, page 5>
Package pdftex.def Info: images/RequirementDoc.pdf, page5 used on input line 13
5.
(pdftex.def)             Requested size: 614.58406pt x 795.3441pt.
File: images/RequirementDoc.pdf Graphic file (type pdf)

<use images/RequirementDoc.pdf, page 5>
Package pdftex.def Info: images/RequirementDoc.pdf, page5 used on input line 13
5.
(pdftex.def)             Requested size: 614.58406pt x 795.3441pt.
File: images/RequirementDoc.pdf Graphic file (type pdf)

<use images/RequirementDoc.pdf, page 5>
Package pdftex.def Info: images/RequirementDoc.pdf, page5 used on input line 13
5.
(pdftex.def)             Requested size: 614.58406pt x 795.3441pt.
 [8 <./images/RequirementDoc.pdf>]
<images/RequirementDoc.pdf, id=65, page=6, 614.295pt x 794.97pt>
File: images/RequirementDoc.pdf Graphic file (type pdf)

<use images/RequirementDoc.pdf, page 6>
Package pdftex.def Info: images/RequirementDoc.pdf, page6 used on input line 13
5.
(pdftex.def)             Requested size: 614.58406pt x 795.3441pt.
File: images/RequirementDoc.pdf Graphic file (type pdf)

<use images/RequirementDoc.pdf, page 6>
Package pdftex.def Info: images/RequirementDoc.pdf, page6 used on input line 13
5.
(pdftex.def)             Requested size: 614.58406pt x 795.3441pt.
File: images/RequirementDoc.pdf Graphic file (type pdf)

<use images/RequirementDoc.pdf, page 6>
Package pdftex.def Info: images/RequirementDoc.pdf, page6 used on input line 13
5.
(pdftex.def)             Requested size: 614.58406pt x 795.3441pt.
 [9 <./images/RequirementDoc.pdf>]
<images/RequirementDoc.pdf, id=69, page=7, 614.295pt x 794.97pt>
File: images/RequirementDoc.pdf Graphic file (type pdf)

<use images/RequirementDoc.pdf, page 7>
Package pdftex.def Info: images/RequirementDoc.pdf, page7 used on input line 13
5.
(pdftex.def)             Requested size: 614.58406pt x 795.3441pt.
File: images/RequirementDoc.pdf Graphic file (type pdf)

<use images/RequirementDoc.pdf, page 7>
Package pdftex.def Info: images/RequirementDoc.pdf, page7 used on input line 13
5.
(pdftex.def)             Requested size: 614.58406pt x 795.3441pt.
File: images/RequirementDoc.pdf Graphic file (type pdf)

<use images/RequirementDoc.pdf, page 7>
Package pdftex.def Info: images/RequirementDoc.pdf, page7 used on input line 13
5.
(pdftex.def)             Requested size: 614.58406pt x 795.3441pt.
 [10 <./images/RequirementDoc.pdf>]
<images/RequirementDoc.pdf, id=73, page=8, 614.295pt x 794.97pt>
File: images/RequirementDoc.pdf Graphic file (type pdf)

<use images/RequirementDoc.pdf, page 8>
Package pdftex.def Info: images/RequirementDoc.pdf, page8 used on input line 13
5.
(pdftex.def)             Requested size: 614.58406pt x 795.3441pt.
File: images/RequirementDoc.pdf Graphic file (type pdf)

<use images/RequirementDoc.pdf, page 8>
Package pdftex.def Info: images/RequirementDoc.pdf, page8 used on input line 13
5.
(pdftex.def)             Requested size: 614.58406pt x 795.3441pt.
File: images/RequirementDoc.pdf Graphic file (type pdf)

<use images/RequirementDoc.pdf, page 8>
Package pdftex.def Info: images/RequirementDoc.pdf, page8 used on input line 13
5.
(pdftex.def)             Requested size: 614.58406pt x 795.3441pt.
 [11 <./images/RequirementDoc.pdf>]
LaTeX Font Info:    Font shape `OT1/phv/bx/n' in size <9.53561> not available
(Font)              Font shape `OT1/phv/b/n' tried instead on input line 137.

<images/ganttcharts.pdf, id=77, 614.295pt x 794.97pt>
File: images/ganttcharts.pdf Graphic file (type pdf)

<use images/ganttcharts.pdf>
Package pdftex.def Info: images/ganttcharts.pdf used on input line 153.
(pdftex.def)             Requested size: 614.29349pt x 794.96806pt.
File: images/ganttcharts.pdf Graphic file (type pdf)
 <use images/ganttcharts.pdf>
Package pdftex.def Info: images/ganttcharts.pdf used on input line 153.
(pdftex.def)             Requested size: 614.29349pt x 794.96806pt.

<images/ganttcharts.pdf, id=80, page=1, 614.295pt x 794.97pt>
File: images/ganttcharts.pdf Graphic file (type pdf)

<use images/ganttcharts.pdf, page 1>
Package pdftex.def Info: images/ganttcharts.pdf, page1 used on input line 153.
(pdftex.def)             Requested size: 614.29349pt x 794.96806pt.
File: images/ganttcharts.pdf Graphic file (type pdf)
 <use images/ganttcharts.pdf, page 1>
Package pdftex.def Info: images/ganttcharts.pdf, page1 used on input line 153.
(pdftex.def)             Requested size: 614.58406pt x 795.3441pt.

[12]
File: images/ganttcharts.pdf Graphic file (type pdf)
 <use images/ganttcharts.pdf, page 1>
Package pdftex.def Info: images/ganttcharts.pdf, page1 used on input line 153.
(pdftex.def)             Requested size: 614.58406pt x 795.3441pt.
File: images/ganttcharts.pdf Graphic file (type pdf)
 <use images/ganttcharts.pdf, page 1>
Package pdftex.def Info: images/ganttcharts.pdf, page1 used on input line 153.
(pdftex.def)             Requested size: 614.58406pt x 795.3441pt.
File: images/ganttcharts.pdf Graphic file (type pdf)

<use images/ganttcharts.pdf, page 1>
Package pdftex.def Info: images/ganttcharts.pdf, page1 used on input line 153.
(pdftex.def)             Requested size: 614.58406pt x 795.3441pt.
 [13 <./images/ganttcharts.pdf>]
<images/DesignDoc.pdf, id=97, 614.295pt x 794.97pt>
File: images/DesignDoc.pdf Graphic file (type pdf)
 <use images/DesignDoc.pdf>
Package pdftex.def Info: images/DesignDoc.pdf used on input line 156.
(pdftex.def)             Requested size: 614.29349pt x 794.96806pt.
File: images/DesignDoc.pdf Graphic file (type pdf)

<use images/DesignDoc.pdf>
Package pdftex.def Info: images/DesignDoc.pdf used on input line 156.
(pdftex.def)             Requested size: 614.29349pt x 794.96806pt.

<images/DesignDoc.pdf, id=100, page=1, 614.295pt x 794.97pt>
File: images/DesignDoc.pdf Graphic file (type pdf)

<use images/DesignDoc.pdf, page 1>
Package pdftex.def Info: images/DesignDoc.pdf, page1 used on input line 156.
(pdftex.def)             Requested size: 614.29349pt x 794.96806pt.
File: images/DesignDoc.pdf Graphic file (type pdf)
 <use images/DesignDoc.pdf, page 1>
Package pdftex.def Info: images/DesignDoc.pdf, page1 used on input line 156.
(pdftex.def)             Requested size: 614.58406pt x 795.3441pt.
 [14]
File: images/DesignDoc.pdf Graphic file (type pdf)

<use images/DesignDoc.pdf, page 1>
Package pdftex.def Info: images/DesignDoc.pdf, page1 used on input line 156.
(pdftex.def)             Requested size: 614.58406pt x 795.3441pt.
File: images/DesignDoc.pdf Graphic file (type pdf)
 <use images/DesignDoc.pdf, page 1>
Package pdftex.def Info: images/DesignDoc.pdf, page1 used on input line 156.
(pdftex.def)             Requested size: 614.58406pt x 795.3441pt.
File: images/DesignDoc.pdf Graphic file (type pdf)

<use images/DesignDoc.pdf, page 1>
Package pdftex.def Info: images/DesignDoc.pdf, page1 used on input line 156.
(pdftex.def)             Requested size: 614.58406pt x 795.3441pt.
 [15 <./images/DesignDoc.pdf>]
<images/DesignDoc.pdf, id=113, page=2, 614.295pt x 794.97pt>
File: images/DesignDoc.pdf Graphic file (type pdf)

<use images/DesignDoc.pdf, page 2>
Package pdftex.def Info: images/DesignDoc.pdf, page2 used on input line 156.
(pdftex.def)             Requested size: 614.58406pt x 795.3441pt.
File: images/DesignDoc.pdf Graphic file (type pdf)
 <use images/DesignDoc.pdf, page 2>
Package pdftex.def Info: images/DesignDoc.pdf, page2 used on input line 156.
(pdftex.def)             Requested size: 614.58406pt x 795.3441pt.
File: images/DesignDoc.pdf Graphic file (type pdf)

<use images/DesignDoc.pdf, page 2>
Package pdftex.def Info: images/DesignDoc.pdf, page2 used on input line 156.
(pdftex.def)             Requested size: 614.58406pt x 795.3441pt.
 [16 <./images/DesignDoc.pdf>]
<images/DesignDoc.pdf, id=121, page=3, 614.295pt x 794.97pt>
File: images/DesignDoc.pdf Graphic file (type pdf)

<use images/DesignDoc.pdf, page 3>
Package pdftex.def Info: images/DesignDoc.pdf, page3 used on input line 156.
(pdftex.def)             Requested size: 614.58406pt x 795.3441pt.
File: images/DesignDoc.pdf Graphic file (type pdf)
 <use images/DesignDoc.pdf, page 3>
Package pdftex.def Info: images/DesignDoc.pdf, page3 used on input line 156.
(pdftex.def)             Requested size: 614.58406pt x 795.3441pt.
File: images/DesignDoc.pdf Graphic file (type pdf)

<use images/DesignDoc.pdf, page 3>
Package pdftex.def Info: images/DesignDoc.pdf, page3 used on input line 156.
(pdftex.def)             Requested size: 614.58406pt x 795.3441pt.
 [17 <./images/DesignDoc.pdf>]
<images/DesignDoc.pdf, id=125, page=4, 614.295pt x 794.97pt>
File: images/DesignDoc.pdf Graphic file (type pdf)

<use images/DesignDoc.pdf, page 4>
Package pdftex.def Info: images/DesignDoc.pdf, page4 used on input line 156.
(pdftex.def)             Requested size: 614.58406pt x 795.3441pt.
File: images/DesignDoc.pdf Graphic file (type pdf)
 <use images/DesignDoc.pdf, page 4>
Package pdftex.def Info: images/DesignDoc.pdf, page4 used on input line 156.
(pdftex.def)             Requested size: 614.58406pt x 795.3441pt.
File: images/DesignDoc.pdf Graphic file (type pdf)

<use images/DesignDoc.pdf, page 4>
Package pdftex.def Info: images/DesignDoc.pdf, page4 used on input line 156.
(pdftex.def)             Requested size: 614.58406pt x 795.3441pt.
 [18 <./images/DesignDoc.pdf>]
<images/DesignDoc.pdf, id=129, page=5, 614.295pt x 794.97pt>
File: images/DesignDoc.pdf Graphic file (type pdf)

<use images/DesignDoc.pdf, page 5>
Package pdftex.def Info: images/DesignDoc.pdf, page5 used on input line 156.
(pdftex.def)             Requested size: 614.58406pt x 795.3441pt.
File: images/DesignDoc.pdf Graphic file (type pdf)
 <use images/DesignDoc.pdf, page 5>
Package pdftex.def Info: images/DesignDoc.pdf, page5 used on input line 156.
(pdftex.def)             Requested size: 614.58406pt x 795.3441pt.
File: images/DesignDoc.pdf Graphic file (type pdf)

<use images/DesignDoc.pdf, page 5>
Package pdftex.def Info: images/DesignDoc.pdf, page5 used on input line 156.
(pdftex.def)             Requested size: 614.58406pt x 795.3441pt.
 [19 <./images/DesignDoc.pdf>]
<images/DesignDoc.pdf, id=135, page=6, 614.295pt x 794.97pt>
File: images/DesignDoc.pdf Graphic file (type pdf)

<use images/DesignDoc.pdf, page 6>
Package pdftex.def Info: images/DesignDoc.pdf, page6 used on input line 156.
(pdftex.def)             Requested size: 614.58406pt x 795.3441pt.
File: images/DesignDoc.pdf Graphic file (type pdf)
 <use images/DesignDoc.pdf, page 6>
Package pdftex.def Info: images/DesignDoc.pdf, page6 used on input line 156.
(pdftex.def)             Requested size: 614.58406pt x 795.3441pt.
File: images/DesignDoc.pdf Graphic file (type pdf)

<use images/DesignDoc.pdf, page 6>
Package pdftex.def Info: images/DesignDoc.pdf, page6 used on input line 156.
(pdftex.def)             Requested size: 614.58406pt x 795.3441pt.
 [20 <./images/DesignDoc.pdf>]
<images/DesignDoc.pdf, id=139, page=7, 614.295pt x 794.97pt>
File: images/DesignDoc.pdf Graphic file (type pdf)

<use images/DesignDoc.pdf, page 7>
Package pdftex.def Info: images/DesignDoc.pdf, page7 used on input line 156.
(pdftex.def)             Requested size: 614.58406pt x 795.3441pt.
File: images/DesignDoc.pdf Graphic file (type pdf)
 <use images/DesignDoc.pdf, page 7>
Package pdftex.def Info: images/DesignDoc.pdf, page7 used on input line 156.
(pdftex.def)             Requested size: 614.58406pt x 795.3441pt.
File: images/DesignDoc.pdf Graphic file (type pdf)

<use images/DesignDoc.pdf, page 7>
Package pdftex.def Info: images/DesignDoc.pdf, page7 used on input line 156.
(pdftex.def)             Requested size: 614.58406pt x 795.3441pt.
 [21 <./images/DesignDoc.pdf>]
<images/DesignDoc.pdf, id=143, page=8, 614.295pt x 794.97pt>
File: images/DesignDoc.pdf Graphic file (type pdf)

<use images/DesignDoc.pdf, page 8>
Package pdftex.def Info: images/DesignDoc.pdf, page8 used on input line 156.
(pdftex.def)             Requested size: 614.58406pt x 795.3441pt.
File: images/DesignDoc.pdf Graphic file (type pdf)
 <use images/DesignDoc.pdf, page 8>
Package pdftex.def Info: images/DesignDoc.pdf, page8 used on input line 156.
(pdftex.def)             Requested size: 614.58406pt x 795.3441pt.
File: images/DesignDoc.pdf Graphic file (type pdf)

<use images/DesignDoc.pdf, page 8>
Package pdftex.def Info: images/DesignDoc.pdf, page8 used on input line 156.
(pdftex.def)             Requested size: 614.58406pt x 795.3441pt.
 [22 <./images/DesignDoc.pdf>]
<images/DesignDoc.pdf, id=147, page=9, 614.295pt x 794.97pt>
File: images/DesignDoc.pdf Graphic file (type pdf)

<use images/DesignDoc.pdf, page 9>
Package pdftex.def Info: images/DesignDoc.pdf, page9 used on input line 156.
(pdftex.def)             Requested size: 614.58406pt x 795.3441pt.
File: images/DesignDoc.pdf Graphic file (type pdf)
 <use images/DesignDoc.pdf, page 9>
Package pdftex.def Info: images/DesignDoc.pdf, page9 used on input line 156.
(pdftex.def)             Requested size: 614.58406pt x 795.3441pt.
File: images/DesignDoc.pdf Graphic file (type pdf)

<use images/DesignDoc.pdf, page 9>
Package pdftex.def Info: images/DesignDoc.pdf, page9 used on input line 156.
(pdftex.def)             Requested size: 614.58406pt x 795.3441pt.
 [23 <./images/DesignDoc.pdf>]
<images/DesignDoc.pdf, id=151, page=10, 614.295pt x 794.97pt>
File: images/DesignDoc.pdf Graphic file (type pdf)

<use images/DesignDoc.pdf, page 10>
Package pdftex.def Info: images/DesignDoc.pdf, page10 used on input line 156.
(pdftex.def)             Requested size: 614.58406pt x 795.3441pt.
File: images/DesignDoc.pdf Graphic file (type pdf)
 <use images/DesignDoc.pdf, page 10>
Package pdftex.def Info: images/DesignDoc.pdf, page10 used on input line 156.
(pdftex.def)             Requested size: 614.58406pt x 795.3441pt.
File: images/DesignDoc.pdf Graphic file (type pdf)

<use images/DesignDoc.pdf, page 10>
Package pdftex.def Info: images/DesignDoc.pdf, page10 used on input line 156.
(pdftex.def)             Requested size: 614.58406pt x 795.3441pt.
 [24 <./images/DesignDoc.pdf>]
<images/DesignDoc.pdf, id=155, page=11, 614.295pt x 794.97pt>
File: images/DesignDoc.pdf Graphic file (type pdf)

<use images/DesignDoc.pdf, page 11>
Package pdftex.def Info: images/DesignDoc.pdf, page11 used on input line 156.
(pdftex.def)             Requested size: 614.58406pt x 795.3441pt.
File: images/DesignDoc.pdf Graphic file (type pdf)
 <use images/DesignDoc.pdf, page 11>
Package pdftex.def Info: images/DesignDoc.pdf, page11 used on input line 156.
(pdftex.def)             Requested size: 614.58406pt x 795.3441pt.
File: images/DesignDoc.pdf Graphic file (type pdf)

<use images/DesignDoc.pdf, page 11>
Package pdftex.def Info: images/DesignDoc.pdf, page11 used on input line 156.
(pdftex.def)             Requested size: 614.58406pt x 795.3441pt.
 [25 <./images/DesignDoc.pdf>]
Underfull \hbox (badness 10000) in paragraph at lines 163--163
[]\OT1/ppl/m/n/9.53561 Needlessly so-phis-ti-
 []


Underfull \hbox (badness 10000) in paragraph at lines 163--163
\OT1/ppl/m/n/9.53561 cated GUI, re-placed
 []


Underfull \hbox (badness 6047) in paragraph at lines 163--163
\OT1/ppl/m/n/9.53561 with tra-di-tional web
 []


Underfull \hbox (badness 10000) in paragraph at lines 164--164
[]\OT1/ppl/m/n/9.53561 Needlessly so-phis-ti-
 []


Underfull \hbox (badness 10000) in paragraph at lines 164--164
\OT1/ppl/m/n/9.53561 cated GUI, re-placed
 []


Underfull \hbox (badness 6047) in paragraph at lines 164--164
\OT1/ppl/m/n/9.53561 with tra-di-tional web
 []


Underfull \hbox (badness 2142) in paragraph at lines 165--165
[]\OT1/ppl/m/n/9.53561 Don't need a spe-cial
 []


Underfull \hbox (badness 1796) in paragraph at lines 165--165
\OT1/ppl/m/n/9.53561 tech-nol-ogy to dis-play
 []


Underfull \hbox (badness 1533) in paragraph at lines 167--167
\OT1/ppl/m/n/9.53561 ti-cally re-duce mod-ule
 []


Underfull \hbox (badness 10000) in paragraph at lines 168--168
[]\OT1/ppl/m/n/9.53561 Generating sim-ple
 []


Underfull \hbox (badness 10000) in paragraph at lines 169--169
[]\OT1/ppl/m/n/9.53561 Using AWS for
 []

<images/TechReview.pdf, id=164, 614.295pt x 794.97pt>
File: images/TechReview.pdf Graphic file (type pdf)

<use images/TechReview.pdf>
Package pdftex.def Info: images/TechReview.pdf used on input line 175.
(pdftex.def)             Requested size: 614.29349pt x 794.96806pt.
File: images/TechReview.pdf Graphic file (type pdf)
 <use images/TechReview.pdf>
Package pdftex.def Info: images/TechReview.pdf used on input line 175.
(pdftex.def)             Requested size: 614.29349pt x 794.96806pt.

<images/TechReview.pdf, id=167, page=1, 614.295pt x 794.97pt>
File: images/TechReview.pdf Graphic file (type pdf)

<use images/TechReview.pdf, page 1>
Package pdftex.def Info: images/TechReview.pdf, page1 used on input line 175.
(pdftex.def)             Requested size: 614.29349pt x 794.96806pt.
File: images/TechReview.pdf Graphic file (type pdf)
 <use images/TechReview.pdf, page 1>
Package pdftex.def Info: images/TechReview.pdf, page1 used on input line 175.
(pdftex.def)             Requested size: 614.58406pt x 795.3441pt.

[26]
File: images/TechReview.pdf Graphic file (type pdf)
 <use images/TechReview.pdf, page 1>
Package pdftex.def Info: images/TechReview.pdf, page1 used on input line 175.
(pdftex.def)             Requested size: 614.58406pt x 795.3441pt.
File: images/TechReview.pdf Graphic file (type pdf)
 <use images/TechReview.pdf, page 1>
Package pdftex.def Info: images/TechReview.pdf, page1 used on input line 175.
(pdftex.def)             Requested size: 614.58406pt x 795.3441pt.
File: images/TechReview.pdf Graphic file (type pdf)

<use images/TechReview.pdf, page 1>
Package pdftex.def Info: images/TechReview.pdf, page1 used on input line 175.
(pdftex.def)             Requested size: 614.58406pt x 795.3441pt.
 [27 <./images/TechReview.pdf>]
<images/TechReview.pdf, id=180, page=2, 614.295pt x 794.97pt>
File: images/TechReview.pdf Graphic file (type pdf)

<use images/TechReview.pdf, page 2>
Package pdftex.def Info: images/TechReview.pdf, page2 used on input line 175.
(pdftex.def)             Requested size: 614.58406pt x 795.3441pt.
File: images/TechReview.pdf Graphic file (type pdf)
 <use images/TechReview.pdf, page 2>
Package pdftex.def Info: images/TechReview.pdf, page2 used on input line 175.
(pdftex.def)             Requested size: 614.58406pt x 795.3441pt.
File: images/TechReview.pdf Graphic file (type pdf)

<use images/TechReview.pdf, page 2>
Package pdftex.def Info: images/TechReview.pdf, page2 used on input line 175.
(pdftex.def)             Requested size: 614.58406pt x 795.3441pt.
 [28 <./images/TechReview.pdf>]
<images/TechReview.pdf, id=184, page=3, 614.295pt x 794.97pt>
File: images/TechReview.pdf Graphic file (type pdf)

<use images/TechReview.pdf, page 3>
Package pdftex.def Info: images/TechReview.pdf, page3 used on input line 175.
(pdftex.def)             Requested size: 614.58406pt x 795.3441pt.
File: images/TechReview.pdf Graphic file (type pdf)
 <use images/TechReview.pdf, page 3>
Package pdftex.def Info: images/TechReview.pdf, page3 used on input line 175.
(pdftex.def)             Requested size: 614.58406pt x 795.3441pt.
File: images/TechReview.pdf Graphic file (type pdf)

<use images/TechReview.pdf, page 3>
Package pdftex.def Info: images/TechReview.pdf, page3 used on input line 175.
(pdftex.def)             Requested size: 614.58406pt x 795.3441pt.
 [29 <./images/TechReview.pdf>]
<images/TechReview.pdf, id=188, page=4, 614.295pt x 794.97pt>
File: images/TechReview.pdf Graphic file (type pdf)

<use images/TechReview.pdf, page 4>
Package pdftex.def Info: images/TechReview.pdf, page4 used on input line 175.
(pdftex.def)             Requested size: 614.58406pt x 795.3441pt.
File: images/TechReview.pdf Graphic file (type pdf)
 <use images/TechReview.pdf, page 4>
Package pdftex.def Info: images/TechReview.pdf, page4 used on input line 175.
(pdftex.def)             Requested size: 614.58406pt x 795.3441pt.
File: images/TechReview.pdf Graphic file (type pdf)

<use images/TechReview.pdf, page 4>
Package pdftex.def Info: images/TechReview.pdf, page4 used on input line 175.
(pdftex.def)             Requested size: 614.58406pt x 795.3441pt.
 [30 <./images/TechReview.pdf>]
<images/TechReview.pdf, id=194, page=5, 614.295pt x 794.97pt>
File: images/TechReview.pdf Graphic file (type pdf)

<use images/TechReview.pdf, page 5>
Package pdftex.def Info: images/TechReview.pdf, page5 used on input line 175.
(pdftex.def)             Requested size: 614.58406pt x 795.3441pt.
File: images/TechReview.pdf Graphic file (type pdf)
 <use images/TechReview.pdf, page 5>
Package pdftex.def Info: images/TechReview.pdf, page5 used on input line 175.
(pdftex.def)             Requested size: 614.58406pt x 795.3441pt.
File: images/TechReview.pdf Graphic file (type pdf)

<use images/TechReview.pdf, page 5>
Package pdftex.def Info: images/TechReview.pdf, page5 used on input line 175.
(pdftex.def)             Requested size: 614.58406pt x 795.3441pt.
 [31 <./images/TechReview.pdf>]
<images/TechReview.pdf, id=199, page=6, 614.295pt x 794.97pt>
File: images/TechReview.pdf Graphic file (type pdf)

<use images/TechReview.pdf, page 6>
Package pdftex.def Info: images/TechReview.pdf, page6 used on input line 175.
(pdftex.def)             Requested size: 614.58406pt x 795.3441pt.
File: images/TechReview.pdf Graphic file (type pdf)
 <use images/TechReview.pdf, page 6>
Package pdftex.def Info: images/TechReview.pdf, page6 used on input line 175.
(pdftex.def)             Requested size: 614.58406pt x 795.3441pt.
File: images/TechReview.pdf Graphic file (type pdf)

<use images/TechReview.pdf, page 6>
Package pdftex.def Info: images/TechReview.pdf, page6 used on input line 175.
(pdftex.def)             Requested size: 614.58406pt x 795.3441pt.
 [32 <./images/TechReview.pdf>]
<images/TechReview.pdf, id=203, page=7, 614.295pt x 794.97pt>
File: images/TechReview.pdf Graphic file (type pdf)

<use images/TechReview.pdf, page 7>
Package pdftex.def Info: images/TechReview.pdf, page7 used on input line 175.
(pdftex.def)             Requested size: 614.58406pt x 795.3441pt.
File: images/TechReview.pdf Graphic file (type pdf)
 <use images/TechReview.pdf, page 7>
Package pdftex.def Info: images/TechReview.pdf, page7 used on input line 175.
(pdftex.def)             Requested size: 614.58406pt x 795.3441pt.
File: images/TechReview.pdf Graphic file (type pdf)

<use images/TechReview.pdf, page 7>
Package pdftex.def Info: images/TechReview.pdf, page7 used on input line 175.
(pdftex.def)             Requested size: 614.58406pt x 795.3441pt.
 [33 <./images/TechReview.pdf>]
<images/TechReview.pdf, id=207, page=8, 614.295pt x 794.97pt>
File: images/TechReview.pdf Graphic file (type pdf)

<use images/TechReview.pdf, page 8>
Package pdftex.def Info: images/TechReview.pdf, page8 used on input line 175.
(pdftex.def)             Requested size: 614.58406pt x 795.3441pt.
File: images/TechReview.pdf Graphic file (type pdf)
 <use images/TechReview.pdf, page 8>
Package pdftex.def Info: images/TechReview.pdf, page8 used on input line 175.
(pdftex.def)             Requested size: 614.58406pt x 795.3441pt.
File: images/TechReview.pdf Graphic file (type pdf)

<use images/TechReview.pdf, page 8>
Package pdftex.def Info: images/TechReview.pdf, page8 used on input line 175.
(pdftex.def)             Requested size: 614.58406pt x 795.3441pt.
 [34 <./images/TechReview.pdf>]
Underfull \hbox (badness 2941) in paragraph at lines 185--185
\OT1/ppl/m/n/9.53561 GUI did not re-quire
 []


Underfull \hbox (badness 2165) in paragraph at lines 185--185
\OT1/ppl/m/n/9.53561 the level of el-e-gance
 []


Underfull \hbox (badness 6094) in paragraph at lines 185--185
\OT1/ppl/m/n/9.53561 ply us-ing HTM-L/C-
 []


Underfull \hbox (badness 10000) in paragraph at lines 189--189
[]\OT1/ppl/m/n/9.53561 We used this API
 []


Underfull \hbox (badness 10000) in paragraph at lines 189--189
\OT1/ppl/m/n/9.53561 be-cause com-mon
 []


Underfull \hbox (badness 10000) in paragraph at lines 189--189
\OT1/ppl/m/n/9.53561 ma-chine learn-ing
 []


Underfull \hbox (badness 10000) in paragraph at lines 189--189
\OT1/ppl/m/n/9.53561 al-go-rithms were
 []


Underfull \hbox (badness 10000) in paragraph at lines 191--192
[]\OT1/ppl/m/n/9.53561 The kind of
 []


Underfull \hbox (badness 10000) in paragraph at lines 191--192
\OT1/ppl/m/n/9.53561 op-ti-miza-tion py-
 []


Underfull \hbox (badness 5533) in paragraph at lines 191--192
\OT1/ppl/m/n/9.53561 statistics al-lowed for
 []

[35]
LaTeX Font Info:    Font shape `OT1/phv/m/it' in size <9.53561> not available
(Font)              Font shape `OT1/phv/m/sl' tried instead on input line 200.
 [36] [37] [38] [39]
<images/Group59Poster.pdf, id=230, 3468.96pt x 2601.72pt>
File: images/Group59Poster.pdf Graphic file (type pdf)

<use images/Group59Poster.pdf>
Package pdftex.def Info: images/Group59Poster.pdf used on input line 257.
(pdftex.def)             Requested size: 3468.95158pt x 2601.71368pt.
File: images/Group59Poster.pdf Graphic file (type pdf)
 <use images/Group59Poster.pdf>
Package pdftex.def Info: images/Group59Poster.pdf used on input line 257.
(pdftex.def)             Requested size: 3468.95158pt x 2601.71368pt.

<images/Group59Poster.pdf, id=233, page=1, 3468.96pt x 2601.72pt>
File: images/Group59Poster.pdf Graphic file (type pdf)

<use images/Group59Poster.pdf, page 1>
Package pdftex.def Info: images/Group59Poster.pdf, page1 used on input line 257
.
(pdftex.def)             Requested size: 3468.95158pt x 2601.71368pt.
File: images/Group59Poster.pdf Graphic file (type pdf)
 <use images/Group59Poster.pdf, page 1>
Package pdftex.def Info: images/Group59Poster.pdf, page1 used on input line 257
.
(pdftex.def)             Requested size: 614.43465pt x 460.82599pt.

[40]
File: images/Group59Poster.pdf Graphic file (type pdf)
 <use images/Group59Poster.pdf, page 1>
Package pdftex.def Info: images/Group59Poster.pdf, page1 used on input line 257
.
(pdftex.def)             Requested size: 614.43465pt x 460.82599pt.
File: images/Group59Poster.pdf Graphic file (type pdf)

<use images/Group59Poster.pdf, page 1>
Package pdftex.def Info: images/Group59Poster.pdf, page1 used on input line 257
.
(pdftex.def)             Requested size: 614.43465pt x 460.82599pt.
File: images/Group59Poster.pdf Graphic file (type pdf)
 <use images/Group59Poster.pdf, page 1>
Package pdftex.def Info: images/Group59Poster.pdf, page1 used on input line 257
.
(pdftex.def)             Requested size: 614.43465pt x 460.82599pt.

[41 <./images/Group59Poster.pdf>]
Overfull \hbox (27.15475pt too wide) in paragraph at lines 278--279
\OT1/ppl/m/n/9.53561 No in-stal-la-tion is nec-es-sary. To use our soft-ware, a
ll a user has to do is go to this web-site: http://web.engr.oregonstate.edu/ ho
f-
 []

[42] [43] [44]
LaTeX Font Info:    Try loading font information for OML+ppl on input line 350.

 (/usr/local/texlive/2016/texmf-dist/tex/latex/psnfss/omlppl.fd
File: omlppl.fd 
)
LaTeX Font Info:    Font shape `OML/ppl/m/n' in size <8.03> not available
(Font)              Font shape `OML/cmm/m/it' tried instead on input line 350.
LaTeX Font Info:    Calculating math sizes for size <8.03> on input line 353.
LaTeX Font Info:    External font `cmex10' loaded for size
(Font)              <8.03> on input line 353.
LaTeX Font Info:    External font `cmex10' loaded for size
(Font)              <5.62097> on input line 353.
LaTeX Font Info:    External font `cmex10' loaded for size
(Font)              <4.015> on input line 353.

[45]
LaTeX Font Info:    Font shape `OML/ppl/m/it' in size <8.03> not available
(Font)              Font shape `OML/cmm/m/it' tried instead on input line 384.
 [46]
Overfull \hbox (33.73036pt too wide) in paragraph at lines 450--451
[][][][][][][][][][][][][][][][][][][][][][][][][][][][][][][][][][][][][][][][
][][][][][][] 
 []


Overfull \hbox (33.73036pt too wide) in paragraph at lines 458--459
[][][][][][][][][][][][][][][][][][][][][][][][][][][][][][][][][][][][][][][][
][][][][][][][][][][][][][][] 
 []

[47] [48]
LaTeX Font Info:    Try loading font information for OMS+ppl on input line 563.

 (/usr/local/texlive/2016/texmf-dist/tex/latex/psnfss/omsppl.fd
File: omsppl.fd 
)
LaTeX Font Info:    Font shape `OMS/ppl/m/n' in size <8.03> not available
(Font)              Font shape `OMS/cmsy/m/n' tried instead on input line 563.

[49] [50] [51] [52] [53] [54] [55] [56] (./FinalProgReport.aux) ) 
Here is how much of TeX's memory you used:
 18360 strings out of 493014
 366240 string characters out of 6133351
 472088 words of memory out of 5000000
 21556 multiletter control sequences out of 15000+600000
 42747 words of font info for 89 fonts, out of 8000000 for 9000
 1141 hyphenation exceptions out of 8191
 62i,18n,65p,1623b,1794s stack positions out of 5000i,500n,10000p,200000b,80000s
{/usr/local/te
xlive/2016/texmf-dist/fonts/enc/dvips/base/8r.enc}</usr/local/texlive/2016/texm
f-dist/fonts/type1/public/amsfonts/cm/cmbx10.pfb></usr/local/texlive/2016/texmf
-dist/fonts/type1/public/amsfonts/cm/cmbx12.pfb></usr/local/texlive/2016/texmf-
dist/fonts/type1/public/amsfonts/cm/cmmi8.pfb></usr/local/texlive/2016/texmf-di
st/fonts/type1/public/amsfonts/cm/cmr10.pfb></usr/local/texlive/2016/texmf-dist
/fonts/type1/public/amsfonts/cm/cmsy7.pfb></usr/local/texlive/2016/texmf-dist/f
onts/type1/public/amsfonts/cm/cmsy8.pfb></usr/local/texlive/2016/texmf-dist/fon
ts/type1/public/amsfonts/cm/cmti10.pfb></usr/local/texlive/2016/texmf-dist/font
s/type1/public/amsfonts/cm/cmtt10.pfb></usr/local/texlive/2016/texmf-dist/fonts
/type1/urw/helvetic/uhvb8a.pfb></usr/local/texlive/2016/texmf-dist/fonts/type1/
urw/helvetic/uhvr8a.pfb></usr/local/texlive/2016/texmf-dist/fonts/type1/urw/hel
vetic/uhvro8a.pfb></usr/local/texlive/2016/texmf-dist/fonts/type1/urw/palatino/
uplb8a.pfb></usr/local/texlive/2016/texmf-dist/fonts/type1/urw/palatino/uplr8a.
pfb></usr/local/texlive/2016/texmf-dist/fonts/type1/urw/palatino/uplri8a.pfb></
usr/local/texlive/2016/texmf-dist/fonts/type1/urw/times/utmb8a.pfb></usr/local/
texlive/2016/texmf-dist/fonts/type1/urw/times/utmr8a.pfb></usr/local/texlive/20
16/texmf-dist/fonts/type1/urw/times/utmri8a.pfb>
Output written on FinalProgReport.pdf (56 pages, 923372 bytes).
PDF statistics:
 376 PDF objects out of 1000 (max. 8388607)
 230 compressed objects within 3 object streams
 0 named destinations out of 1000 (max. 500000)
 233 words of extra memory for PDF output out of 10000 (max. 10000000)

