This is pdfTeX, Version 3.1415926-2.5-1.40.14 (TeX Live 2013) (format=latex 2016.3.16)  16 FEB 2017 23:27
entering extended mode
 restricted \write18 enabled.
 %&-line parsing enabled.
**bare_jrnl.tex
(./bare_jrnl.tex
LaTeX2e <2011/06/27>
Babel <v3.8m> and hyphenation patterns for english, dumylang, nohyphenation, lo
aded.

! LaTeX Error: File `IEEEtran.cls' not found.

Type X to quit or <RETURN> to proceed,
or enter new name. (Default extension: cls)

Enter file name: X

 )
(\end occurred when \ifx on line 58 was incomplete)
(\end occurred when \ifx on line 58 was incomplete) 
Here is how much of TeX's memory you used:
 10 strings out of 495064
 195 string characters out of 3182224
 45057 words of memory out of 3000000
 3291 multiletter control sequences out of 15000+200000
 3640 words of font info for 14 fonts, out of 3000000 for 9000
 14 hyphenation exceptions out of 8191
 10i,0n,7p,122b,8s stack positions out of 5000i,500n,10000p,200000b,50000s

No pages of output.
